<?xml version="1.0" encoding="UTF-8"?>
<testsuite name="passwordentry.AuthenticatorTest" tests="4" skipped="0" failures="0" errors="0" timestamp="2025-11-24T15:53:17.676Z" hostname="NICHOLAS" time="0.065">
  <properties/>
  <testcase name="testAuthenticateSuccess()" classname="passwordentry.AuthenticatorTest" time="0.047"/>
  <testcase name="testAuthenticateWrongLength()" classname="passwordentry.AuthenticatorTest" time="0.002"/>
  <testcase name="testAuthenticateFailure()" classname="passwordentry.AuthenticatorTest" time="0.003"/>
  <testcase name="testGenerateMapping()" classname="passwordentry.AuthenticatorTest" time="0.003"/>
  <system-out><![CDATA[]]></system-out>
  <system-err><![CDATA[]]></system-err>
</testsuite>
