<?xml version="1.0" encoding="UTF-8"?>
<testsuite name="passwordentry.TicTacToeTest" tests="8" skipped="0" failures="0" errors="0" timestamp="2025-11-25T03:42:45.239Z" hostname="NICHOLAS" time="0.037">
  <properties/>
  <testcase name="testInvalidMove()" classname="passwordentry.TicTacToeTest" time="0.022"/>
  <testcase name="testReset()" classname="passwordentry.TicTacToeTest" time="0.002"/>
  <testcase name="testDraw()" classname="passwordentry.TicTacToeTest" time="0.001"/>
  <testcase name="testMove()" classname="passwordentry.TicTacToeTest" time="0.001"/>
  <testcase name="testInitialization()" classname="passwordentry.TicTacToeTest" time="0.001"/>
  <testcase name="testWinDiag()" classname="passwordentry.TicTacToeTest" time="0.001"/>
  <testcase name="testWinCol()" classname="passwordentry.TicTacToeTest" time="0.001"/>
  <testcase name="testWinRow()" classname="passwordentry.TicTacToeTest" time="0.001"/>
  <system-out><![CDATA[]]></system-out>
  <system-err><![CDATA[]]></system-err>
</testsuite>
